<testsuites id="" name="" tests="1" failures="0" skipped="0" errors="0" time="5.441211999999359">
<testsuite name="APITesting.spec.ts" timestamp="2024-12-09T09:56:39.930Z" hostname="chromium" tests="1" failures="0" skipped="0" time="0.186" errors="0">
<testcase name="POST a new product" classname="APITesting.spec.ts" time="0.186">
<system-out>
<![CDATA[New product created with id: undefined
]]>
</system-out>
</testcase>
</testsuite>
</testsuites>