<testsuites id="" name="" tests="12" failures="0" skipped="0" errors="0" time="59.308319000000004">
<testsuite name="test-5.spec.ts" timestamp="2024-12-06T11:29:45.365Z" hostname="chromium" tests="4" failures="0" skipped="0" time="17.526" errors="0">
<testcase name="Non POM Traditional" classname="test-5.spec.ts" time="5.756">
</testcase>
<testcase name="Pomified" classname="test-5.spec.ts" time="5.294">
</testcase>
<testcase name="Screenshot demo" classname="test-5.spec.ts" time="3.612">
</testcase>
<testcase name="Reporting demos" classname="test-5.spec.ts" time="2.864">
<properties>
<property name="Some custom type" value="Some description">
</property>
</properties>
<system-out>
<![CDATA[Attached screenshot to report

[[ATTACHMENT|..\test-results\test-5-Reporting-demos-chromium\attachments\Viewpoert-screenshot-f413aa55320d1720c22f501ae1edab3d577d8fcc.png]]
]]>
</system-out>
</testcase>
</testsuite>
<testsuite name="test-5.spec.ts" timestamp="2024-12-06T11:29:45.365Z" hostname="firefox" tests="4" failures="0" skipped="0" time="52.808" errors="0">
<testcase name="Non POM Traditional" classname="test-5.spec.ts" time="15.129">
</testcase>
<testcase name="Pomified" classname="test-5.spec.ts" time="12.656">
</testcase>
<testcase name="Screenshot demo" classname="test-5.spec.ts" time="13.922">
</testcase>
<testcase name="Reporting demos" classname="test-5.spec.ts" time="11.101">
<properties>
<property name="Some custom type" value="Some description">
</property>
</properties>
<system-out>
<![CDATA[Attached screenshot to report

[[ATTACHMENT|..\test-results\test-5-Reporting-demos-firefox\attachments\Viewpoert-screenshot-f413aa55320d1720c22f501ae1edab3d577d8fcc.png]]
]]>
</system-out>
</testcase>
</testsuite>
<testsuite name="test-5.spec.ts" timestamp="2024-12-06T11:29:45.365Z" hostname="webkit" tests="4" failures="0" skipped="0" time="27.728" errors="0">
<testcase name="Non POM Traditional" classname="test-5.spec.ts" time="9.864">
</testcase>
<testcase name="Pomified" classname="test-5.spec.ts" time="8.57">
</testcase>
<testcase name="Screenshot demo" classname="test-5.spec.ts" time="3.417">
</testcase>
<testcase name="Reporting demos" classname="test-5.spec.ts" time="5.877">
<properties>
<property name="Some custom type" value="Some description">
</property>
</properties>
<system-out>
<![CDATA[Attached screenshot to report

[[ATTACHMENT|..\test-results\test-5-Reporting-demos-webkit\attachments\Viewpoert-screenshot-f413aa55320d1720c22f501ae1edab3d577d8fcc.png]]
]]>
</system-out>
</testcase>
</testsuite>
</testsuites>