<testsuites id="" name="" tests="1" failures="1" skipped="0" errors="0" time="5.506492000000551">
<testsuite name="APITesting.spec.ts" timestamp="2024-12-09T09:41:45.972Z" hostname="chromium" tests="1" failures="1" skipped="0" time="0.151" errors="0">
<testcase name="Simple Get" classname="APITesting.spec.ts" time="0.151">
<failure message="APITesting.spec.ts:3:5 Simple Get" type="FAILURE">
<![CDATA[  [chromium] › APITesting.spec.ts:3:5 › Simple Get ─────────────────────────────────────────────────

    Error: expect(received).toBe(expected) // Object.is equality

    Expected: 200
    Received: 404

      4 |     const resp = await request.get('http://localhost:2002/api/products/6');
      5 |     try{
    > 6 |         expect(resp.status()).toBe(200);
        |                               ^
      7 |     } catch (error) {
      8 |         console.log(`Simple GET failed with ${resp.statusText()}` );
      9 |         throw error;
        at E:\JSTS\nfocus7pw\tests\APITesting.spec.ts:6:31
]]>
</failure>
<system-out>
<![CDATA[Simple GET failed with Not Found
]]>
</system-out>
</testcase>
</testsuite>
</testsuites>