<testsuites id="" name="" tests="48" failures="4" skipped="32" errors="0" time="49.099754000000004">
<testsuite name="test-1.spec.ts" timestamp="2024-12-06T11:41:14.090Z" hostname="chromium" tests="1" failures="1" skipped="0" time="7.517" errors="0">
<testcase name="LoginLogoutTest" classname="test-1.spec.ts" time="7.517">
<failure message="test-1.spec.ts:3:5 LoginLogoutTest" type="FAILURE">
<![CDATA[  [chromium] › test-1.spec.ts:3:5 › LoginLogoutTest ────────────────────────────────────────────────

    TimeoutError: locator.click: Timeout 5000ms exceeded.
    Call log:
      - waiting for getByRole('row', { name: 'User Name?' }).locator('#username')


      22 |   //Chaining locators works for Playwright as it does in WebDriver (and Cypress...)
      23 |   //The below finds a table row, then looks for an element inside with an id of username, before clicking that elm
    > 24 |   await page.getByRole('row', { name: 'User Name?' }).locator('#username').click();
         |                                                                            ^
      25 |   await page.getByRole('row', { name: 'User Name?' }).locator('#username').fill('edgewords');
      26 |   
      27 |   /*
        at E:\JSTS\nfocus7pw\tests\test-1.spec.ts:24:76
]]>
</failure>
</testcase>
</testsuite>
<testsuite name="test-2.spec.ts" timestamp="2024-12-06T11:41:14.090Z" hostname="chromium" tests="4" failures="0" skipped="0" time="43.908" errors="0">
<testcase name="test" classname="test-2.spec.ts" time="15.264">
</testcase>
<testcase name="test2" classname="test-2.spec.ts" time="14.194">
</testcase>
<testcase name="all products" classname="test-2.spec.ts" time="4.137">
<system-out>
<![CDATA[Vneck Tshirt
Tshirt
Polo
Long Sleeve Tee
]]>
</system-out>
</testcase>
<testcase name="Locator Handler" classname="test-2.spec.ts" time="10.313">
</testcase>
</testsuite>
<testsuite name="test-3.spec.ts" timestamp="2024-12-06T11:41:14.090Z" hostname="chromium" tests="3" failures="2" skipped="0" time="20.116" errors="0">
<testcase name="actions" classname="test-3.spec.ts" time="10.341">
<failure message="test-3.spec.ts:3:5 actions" type="FAILURE">
<![CDATA[  [chromium] › test-3.spec.ts:3:5 › actions ────────────────────────────────────────────────────────

    TimeoutError: locator.pressSequentially: Timeout 5000ms exceeded.
    Call log:
      - waiting for locator('#textInput')
        - locator resolved to <input type="text" id="textInput" name="textInput" class="formInput"/>
      - elementHandle.type(" Powell")


       8 |   //await page.locator('#doesnotexist').click({timeout: 5000}); //By default actions dont have a timeout - they have whatever time the test has to complete (30s by default)
       9 |   await page.locator('#textInput').pressSequentially('Steve');
    > 10 |   await page.locator('#textInput').pressSequentially(' Powell', {delay: 1000}); //Doesn't clear text that is already there (unlike fill) and can simulate slow keypresses 
         |                                    ^
      11 |
      12 |   //Image based validation
      13 |   await expect(page.locator('#textInput')).toHaveScreenshot('textbox.png',{
        at E:\JSTS\nfocus7pw\tests\test-3.spec.ts:10:36
]]>
</failure>
</testcase>
<testcase name="drag drop slider" classname="test-3.spec.ts" time="6.79">
</testcase>
<testcase name="compare runtime images" classname="test-3.spec.ts" time="2.985">
<failure message="test-3.spec.ts:56:5 compare runtime images" type="FAILURE">
<![CDATA[  [chromium] › test-3.spec.ts:56:5 › compare runtime images ────────────────────────────────────────

    Error: expect(Buffer).toMatchSnapshot(expected)

      162 pixels (ratio 0.03 of all image pixels) are different.

    Expected: E:\JSTS\nfocus7pw\tests\test-3.spec.ts-snapshots\textbox2-chromium-win32.png
    Received: E:\JSTS\nfocus7pw\test-results\test-3-compare-runtime-images-chromium\textbox2-actual.png
        Diff: E:\JSTS\nfocus7pw\test-results\test-3-compare-runtime-images-chromium\textbox2-diff.png


      78 |
      79 |   //Recapture screenshot, compare to previous (on disk) version.
    > 80 |   expect(await page.locator('#textInput').screenshot()).toMatchSnapshot('textbox2.png')
         |                                                         ^
      81 |
      82 |   //Now go look at the html report
      83 | });
        at E:\JSTS\nfocus7pw\tests\test-3.spec.ts:80:57

    attachment #1: textbox2-expected.png (image/png) ───────────────────────────────────────────────
    tests\test-3.spec.ts-snapshots\textbox2-chromium-win32.png
    ────────────────────────────────────────────────────────────────────────────────────────────────

    attachment #2: textbox2-actual.png (image/png) ─────────────────────────────────────────────────
    test-results\test-3-compare-runtime-images-chromium\textbox2-actual.png
    ────────────────────────────────────────────────────────────────────────────────────────────────

    attachment #3: textbox2-diff.png (image/png) ───────────────────────────────────────────────────
    test-results\test-3-compare-runtime-images-chromium\textbox2-diff.png
    ────────────────────────────────────────────────────────────────────────────────────────────────
]]>
</failure>
<system-out>
<![CDATA[
[[ATTACHMENT|..\tests\test-3.spec.ts-snapshots\textbox2-chromium-win32.png]]

[[ATTACHMENT|..\test-results\test-3-compare-runtime-images-chromium\textbox2-actual.png]]

[[ATTACHMENT|..\test-results\test-3-compare-runtime-images-chromium\textbox2-diff.png]]
]]>
</system-out>
</testcase>
</testsuite>
<testsuite name="test-4.spec.ts" timestamp="2024-12-06T11:41:14.090Z" hostname="chromium" tests="4" failures="1" skipped="0" time="29.716" errors="0">
<testcase name="A test suite › Capturing values" classname="test-4.spec.ts" time="6.967">
<system-out>
<![CDATA[Runs before any tests in this file execute
Runs before each and every test
Runs before each and every test in this test describe block
The right column text is with textContent is: 
                Forms
                
                
                This form has an id of theForm.
                
                
                
                    
                        
                            Text Input with id/name textInput *
                            
                                
                            
                        
                        
                            Text Area with id/name textArea
                            
                                
                            
                        
                        
                            Checkbox with id/name checkbox
                            
                                
                            
                        
                        
                            Select with id/name select
                            
                                
                                    Selection One
                                    Selection Two
                                    Selection Three                                                                        
                                
                            
                        
                        
                            
                                Radio buttons with id/name radio
                            
                            
                                One
                                Two
                                Three
                            
                        
                        
                            
                                Password input with id/name password
                            
                            
                                
                            
                        
                        
                            
                                File selector with id/name file
                            
                            
                                
                            
                         
                        
                            
                            
                                Submit  Clear                                
                            
                        
                        
                            * Mandatory field.
                    
                
                
                    
                        
                            Type
                            id
                            Value
                        
                        
                            Text input
                            textInput
                            
                        
                        
                            Text area
                            textArea
                            
                        
                        
                            Select
                            select
                            
                        
                        
                            Checkbox
                            checkbox
                            
                        
                        
                            Radio buttons
                            textInput
                            
                        
                        
                            Password
                            password
                            
                        
                        
                            File Input
                            file
                            
                                                                                                                                                
                    
                    
                    Back to form
                
            
The right column text is with innertext is: Forms

This form has an id of theForm.

Text Input with id/name textInput *	
Text Area with id/name textArea	
Checkbox with id/name checkbox	
Select with id/name select	
Selection One
Selection Two
Selection Three

Radio buttons with id/name radio	One Two Three
Password input with id/name password	
File selector with id/name file	
	Submit Clear
* Mandatory field.
The text box contains
The text box actually contains: Hello world
Runs after each and every test
Runs before any tests in this file execute
Runs before each and every test
Runs before each and every test in this test describe block
Runs after each and every test
Runs once at teh end after all tests have finished

[[ATTACHMENT|..\test-results\test-4-A-test-suite-Capturing-values-chromium-retry1\trace.zip]]
]]>
</system-out>
</testcase>
<testcase name="A test suite › An inner suite › Generic methods" classname="test-4.spec.ts" time="3.745">
<system-out>
<![CDATA[Runs before each and every test
Runs before each and every test in this test describe block
There are 5 links
The link texts are:
Home
Basic HTML
Forms
Dynamic Content
CSS/XPath
Home
Basic HTML
Forms
Dynamic Content
CSS/XPath
Runs after each and every test
]]>
</system-out>
</testcase>
<testcase name="A test suite › An inner suite › waiting" classname="test-4.spec.ts" time="10.027">
<failure message="test-4.spec.ts:87:13 waiting" type="FAILURE">
<![CDATA[  [chromium] › test-4.spec.ts:87:13 › A test suite › An inner suite › waiting ──────────────────────

    Test timeout of 10000ms exceeded.

    Error: page.waitForSelector: Test timeout of 10000ms exceeded.
    Call log:
      - waiting for locator('#spinner-holder') to be hidden
        8 × locator resolved to visible <span id="spinner-holder">…</span>


       96 |             //await page.locator('#image-holder > img').click({timeout: 8000}); //Set action timeout locally for just this step
       97 |             //await page.waitForSelector('#image-holder > img', {timeout: 12000, state:'visible'})
    >  98 |             await page.waitForSelector('#spinner-holder', { timeout: 12000, state: 'hidden' }) //Wait for loading spinner to go away
          |                        ^
       99 |             await page.locator('#image-holder > img').click();
      100 |             await page.getByRole('link', { name: 'Home' }).click();
      101 |         });
        at E:\JSTS\nfocus7pw\tests\test-4.spec.ts:98:24
]]>
</failure>
<system-out>
<![CDATA[Runs before each and every test
Runs before each and every test in this test describe block
Runs after each and every test
Runs once at teh end after all tests have finished
]]>
</system-out>
</testcase>
<testcase name="Waiting for a pop up window" classname="test-4.spec.ts" time="8.977">
<system-out>
<![CDATA[Runs before any tests in this file execute
Runs before each and every test
Runs after each and every test
Runs once at teh end after all tests have finished
]]>
</system-out>
</testcase>
</testsuite>
<testsuite name="test-5.spec.ts" timestamp="2024-12-06T11:41:14.090Z" hostname="chromium" tests="4" failures="0" skipped="0" time="15.654" errors="0">
<testcase name="Non POM Traditional" classname="test-5.spec.ts" time="5.394">
</testcase>
<testcase name="Pomified" classname="test-5.spec.ts" time="4.45">
</testcase>
<testcase name="Screenshot demo" classname="test-5.spec.ts" time="2.654">
</testcase>
<testcase name="Reporting demos" classname="test-5.spec.ts" time="3.156">
<properties>
<property name="Some custom type" value="Some description">
</property>
</properties>
<system-out>
<![CDATA[Attached screenshot to report

[[ATTACHMENT|..\test-results\test-5-Reporting-demos-chromium\attachments\Viewpoert-screenshot-f413aa55320d1720c22f501ae1edab3d577d8fcc.png]]
]]>
</system-out>
</testcase>
</testsuite>
<testsuite name="test-1.spec.ts" timestamp="2024-12-06T11:41:14.090Z" hostname="firefox" tests="1" failures="0" skipped="1" time="5.768" errors="0">
<testcase name="LoginLogoutTest" classname="test-1.spec.ts" time="5.768">
<skipped>
</skipped>
</testcase>
</testsuite>
<testsuite name="test-2.spec.ts" timestamp="2024-12-06T11:41:14.090Z" hostname="firefox" tests="4" failures="0" skipped="4" time="2.078" errors="0">
<testcase name="test" classname="test-2.spec.ts" time="2.032">
<skipped>
</skipped>
</testcase>
<testcase name="test2" classname="test-2.spec.ts" time="0.046">
<skipped>
</skipped>
</testcase>
<testcase name="all products" classname="test-2.spec.ts" time="0">
<skipped>
</skipped>
</testcase>
<testcase name="Locator Handler" classname="test-2.spec.ts" time="0">
<skipped>
</skipped>
</testcase>
</testsuite>
<testsuite name="test-3.spec.ts" timestamp="2024-12-06T11:41:14.090Z" hostname="firefox" tests="3" failures="0" skipped="3" time="0" errors="0">
<testcase name="actions" classname="test-3.spec.ts" time="0">
<skipped>
</skipped>
</testcase>
<testcase name="drag drop slider" classname="test-3.spec.ts" time="0">
<skipped>
</skipped>
</testcase>
<testcase name="compare runtime images" classname="test-3.spec.ts" time="0">
<skipped>
</skipped>
</testcase>
</testsuite>
<testsuite name="test-4.spec.ts" timestamp="2024-12-06T11:41:14.090Z" hostname="firefox" tests="4" failures="0" skipped="4" time="0" errors="0">
<testcase name="A test suite › Capturing values" classname="test-4.spec.ts" time="0">
<skipped>
</skipped>
</testcase>
<testcase name="A test suite › An inner suite › Generic methods" classname="test-4.spec.ts" time="0">
<skipped>
</skipped>
</testcase>
<testcase name="A test suite › An inner suite › waiting" classname="test-4.spec.ts" time="0">
<skipped>
</skipped>
</testcase>
<testcase name="Waiting for a pop up window" classname="test-4.spec.ts" time="0">
<skipped>
</skipped>
</testcase>
</testsuite>
<testsuite name="test-5.spec.ts" timestamp="2024-12-06T11:41:14.090Z" hostname="firefox" tests="4" failures="0" skipped="4" time="0" errors="0">
<testcase name="Non POM Traditional" classname="test-5.spec.ts" time="0">
<skipped>
</skipped>
</testcase>
<testcase name="Pomified" classname="test-5.spec.ts" time="0">
<skipped>
</skipped>
</testcase>
<testcase name="Screenshot demo" classname="test-5.spec.ts" time="0">
<skipped>
</skipped>
</testcase>
<testcase name="Reporting demos" classname="test-5.spec.ts" time="0">
<properties>
<property name="Some custom type" value="Some description">
</property>
</properties>
<skipped>
</skipped>
</testcase>
</testsuite>
<testsuite name="test-1.spec.ts" timestamp="2024-12-06T11:41:14.090Z" hostname="webkit" tests="1" failures="0" skipped="1" time="0" errors="0">
<testcase name="LoginLogoutTest" classname="test-1.spec.ts" time="0">
<skipped>
</skipped>
</testcase>
</testsuite>
<testsuite name="test-2.spec.ts" timestamp="2024-12-06T11:41:14.090Z" hostname="webkit" tests="4" failures="0" skipped="4" time="0" errors="0">
<testcase name="test" classname="test-2.spec.ts" time="0">
<skipped>
</skipped>
</testcase>
<testcase name="test2" classname="test-2.spec.ts" time="0">
<skipped>
</skipped>
</testcase>
<testcase name="all products" classname="test-2.spec.ts" time="0">
<skipped>
</skipped>
</testcase>
<testcase name="Locator Handler" classname="test-2.spec.ts" time="0">
<skipped>
</skipped>
</testcase>
</testsuite>
<testsuite name="test-3.spec.ts" timestamp="2024-12-06T11:41:14.090Z" hostname="webkit" tests="3" failures="0" skipped="3" time="0" errors="0">
<testcase name="actions" classname="test-3.spec.ts" time="0">
<skipped>
</skipped>
</testcase>
<testcase name="drag drop slider" classname="test-3.spec.ts" time="0">
<skipped>
</skipped>
</testcase>
<testcase name="compare runtime images" classname="test-3.spec.ts" time="0">
<skipped>
</skipped>
</testcase>
</testsuite>
<testsuite name="test-4.spec.ts" timestamp="2024-12-06T11:41:14.090Z" hostname="webkit" tests="4" failures="0" skipped="4" time="0" errors="0">
<testcase name="A test suite › Capturing values" classname="test-4.spec.ts" time="0">
<skipped>
</skipped>
</testcase>
<testcase name="A test suite › An inner suite › Generic methods" classname="test-4.spec.ts" time="0">
<skipped>
</skipped>
</testcase>
<testcase name="A test suite › An inner suite › waiting" classname="test-4.spec.ts" time="0">
<skipped>
</skipped>
</testcase>
<testcase name="Waiting for a pop up window" classname="test-4.spec.ts" time="0">
<skipped>
</skipped>
</testcase>
</testsuite>
<testsuite name="test-5.spec.ts" timestamp="2024-12-06T11:41:14.090Z" hostname="webkit" tests="4" failures="0" skipped="4" time="0" errors="0">
<testcase name="Non POM Traditional" classname="test-5.spec.ts" time="0">
<skipped>
</skipped>
</testcase>
<testcase name="Pomified" classname="test-5.spec.ts" time="0">
<skipped>
</skipped>
</testcase>
<testcase name="Screenshot demo" classname="test-5.spec.ts" time="0">
<skipped>
</skipped>
</testcase>
<testcase name="Reporting demos" classname="test-5.spec.ts" time="0">
<properties>
<property name="Some custom type" value="Some description">
</property>
</properties>
<skipped>
</skipped>
</testcase>
</testsuite>
</testsuites>